# JRE version: Java(TM) SE Runtime Environment (17.0.8+9) (build 17.0.8+9-LTS-211)
# Java VM: Java HotSpot(TM) 64-Bit Server VM (17.0.8+9-LTS-211, mixed mode, emulated-client, sharing, tiered, compressed oops, compressed class ptrs, g1 gc, windows-amd64)
GC Precious Log:
 CPUs: 8 total, 8 available
 Memory: 6030M
 Large Page Support: Disabled
 NUMA Support: Disabled
 Compressed Oops: Enabled (32-bit)
 Heap Region Size: 1M
 Heap Min Capacity: 8M
 Heap Initial Capacity: 96M
 Heap Max Capacity: 1508M
 Pre-touch: Disabled
 Parallel Workers: 8
 Concurrent Workers: 2
 Concurrent Refinement Workers: 8
 Periodic GC: Disabled
Heap:
 garbage-first heap   total 78848K, used 37514K [0x00000000a1c00000, 0x0000000100000000)
  region size 1024K, 9 young (9216K), 3 survivors (3072K)
 Metaspace       used 69541K, committed 70080K, reserved 1114112K
  class space    used 10221K, committed 10496K, reserved 1048576K
GC Heap History (20 events):
Event: 3.854 GC heap before
{Heap before GC invocations=6 (full 0):
 garbage-first heap   total 55296K, used 16688K [0x00000000a1c00000, 0x0000000100000000)
  region size 1024K, 4 young (4096K), 3 survivors (3072K)
 Metaspace       used 24174K, committed 24448K, reserved 1114112K
  class space    used 3371K, committed 3520K, reserved 1048576K
}
Event: 3.862 GC heap after
{Heap after GC invocations=7 (full 0):
 garbage-first heap   total 55296K, used 16206K [0x00000000a1c00000, 0x0000000100000000)
  region size 1024K, 1 young (1024K), 1 survivors (1024K)
 Metaspace       used 24174K, committed 24448K, reserved 1114112K
  class space    used 3371K, committed 3520K, reserved 1048576K
}
Event: 4.391 GC heap before
{Heap before GC invocations=7 (full 0):
 garbage-first heap   total 55296K, used 37710K [0x00000000a1c00000, 0x0000000100000000)
  region size 1024K, 22 young (22528K), 1 survivors (1024K)
 Metaspace       used 27128K, committed 27520K, reserved 1114112K
  class space    used 3834K, committed 4032K, reserved 1048576K
}
Event: 4.403 GC heap after
{Heap after GC invocations=8 (full 0):
 garbage-first heap   total 55296K, used 17597K [0x00000000a1c00000, 0x0000000100000000)
  region size 1024K, 2 young (2048K), 2 survivors (2048K)
 Metaspace       used 27128K, committed 27520K, reserved 1114112K
  class space    used 3834K, committed 4032K, reserved 1048576K
}
Event: 4.883 GC heap before
{Heap before GC invocations=8 (full 0):
 garbage-first heap   total 55296K, used 39101K [0x00000000a1c00000, 0x0000000100000000)
  region size 1024K, 23 young (23552K), 2 survivors (2048K)
 Metaspace       used 30452K, committed 30912K, reserved 1114112K
  class space    used 4324K, committed 4544K, reserved 1048576K
}
Event: 4.894 GC heap after
{Heap after GC invocations=9 (full 0):
 garbage-first heap   total 55296K, used 19471K [0x00000000a1c00000, 0x0000000100000000)
  region size 1024K, 2 young (2048K), 2 survivors (2048K)
 Metaspace       used 30452K, committed 30912K, reserved 1114112K
  class space    used 4324K, committed 4544K, reserved 1048576K
}
Event: 5.356 GC heap before
{Heap before GC invocations=9 (full 0):
 garbage-first heap   total 55296K, used 39951K [0x00000000a1c00000, 0x0000000100000000)
  region size 1024K, 22 young (22528K), 2 survivors (2048K)
 Metaspace       used 33908K, committed 34432K, reserved 1114112K
  class space    used 4738K, committed 4992K, reserved 1048576K
}
Event: 5.361 GC heap after
{Heap after GC invocations=10 (full 0):
 garbage-first heap   total 108544K, used 21199K [0x00000000a1c00000, 0x0000000100000000)
  region size 1024K, 2 young (2048K), 2 survivors (2048K)
 Metaspace       used 33908K, committed 34432K, reserved 1114112K
  class space    used 4738K, committed 4992K, reserved 1048576K
}
Event: 5.502 GC heap before
{Heap before GC invocations=10 (full 0):
 garbage-first heap   total 108544K, used 27343K [0x00000000a1c00000, 0x0000000100000000)
  region size 1024K, 9 young (9216K), 2 survivors (2048K)
 Metaspace       used 35723K, committed 36160K, reserved 1114112K
  class space    used 5016K, committed 5248K, reserved 1048576K
}
Event: 5.505 GC heap after
{Heap after GC invocations=11 (full 0):
 garbage-first heap   total 108544K, used 21446K [0x00000000a1c00000, 0x0000000100000000)
  region size 1024K, 2 young (2048K), 2 survivors (2048K)
 Metaspace       used 35723K, committed 36160K, reserved 1114112K
  class space    used 5016K, committed 5248K, reserved 1048576K
}
Event: 8.029 GC heap before
{Heap before GC invocations=12 (full 0):
 garbage-first heap   total 78848K, used 70598K [0x00000000a1c00000, 0x0000000100000000)
  region size 1024K, 51 young (52224K), 2 survivors (2048K)
 Metaspace       used 49559K, committed 50112K, reserved 1114112K
  class space    used 6925K, committed 7168K, reserved 1048576K
}
Event: 8.035 GC heap after
{Heap after GC invocations=13 (full 0):
 garbage-first heap   total 78848K, used 24809K [0x00000000a1c00000, 0x0000000100000000)
  region size 1024K, 6 young (6144K), 6 survivors (6144K)
 Metaspace       used 49559K, committed 50112K, reserved 1114112K
  class space    used 6925K, committed 7168K, reserved 1048576K
}
Event: 9.003 GC heap before
{Heap before GC invocations=13 (full 0):
 garbage-first heap   total 78848K, used 61673K [0x00000000a1c00000, 0x0000000100000000)
  region size 1024K, 42 young (43008K), 6 survivors (6144K)
 Metaspace       used 57274K, committed 57856K, reserved 1114112K
  class space    used 8171K, committed 8448K, reserved 1048576K
}
Event: 9.010 GC heap after
{Heap after GC invocations=14 (full 0):
 garbage-first heap   total 78848K, used 26361K [0x00000000a1c00000, 0x0000000100000000)
  region size 1024K, 2 young (2048K), 2 survivors (2048K)
 Metaspace       used 57274K, committed 57856K, reserved 1114112K
  class space    used 8171K, committed 8448K, reserved 1048576K
}
Event: 9.610 GC heap before
{Heap before GC invocations=14 (full 0):
 garbage-first heap   total 78848K, used 39673K [0x00000000a1c00000, 0x0000000100000000)
  region size 1024K, 16 young (16384K), 2 survivors (2048K)
 Metaspace       used 60229K, committed 60800K, reserved 1114112K
  class space    used 8657K, committed 8960K, reserved 1048576K
}
Event: 9.614 GC heap after
{Heap after GC invocations=15 (full 0):
 garbage-first heap   total 78848K, used 27177K [0x00000000a1c00000, 0x0000000100000000)
  region size 1024K, 3 young (3072K), 3 survivors (3072K)
 Metaspace       used 60229K, committed 60800K, reserved 1114112K
  class space    used 8657K, committed 8960K, reserved 1048576K
}
Event: 10.667 GC heap before
{Heap before GC invocations=16 (full 0):
 garbage-first heap   total 78848K, used 61993K [0x00000000a1c00000, 0x0000000100000000)
  region size 1024K, 37 young (37888K), 3 survivors (3072K)
 Metaspace       used 65654K, committed 66240K, reserved 1114112K
  class space    used 9672K, committed 9920K, reserved 1048576K
}
Event: 10.676 GC heap after
{Heap after GC invocations=17 (full 0):
 garbage-first heap   total 78848K, used 30237K [0x00000000a1c00000, 0x0000000100000000)
  region size 1024K, 5 young (5120K), 5 survivors (5120K)
 Metaspace       used 65654K, committed 66240K, reserved 1114112K
  class space    used 9672K, committed 9920K, reserved 1048576K
}
Event: 11.315 GC heap before
{Heap before GC invocations=18 (full 0):
 garbage-first heap   total 78848K, used 60957K [0x00000000a1c00000, 0x0000000100000000)
  region size 1024K, 36 young (36864K), 5 survivors (5120K)
 Metaspace       used 68747K, committed 69312K, reserved 1114112K
  class space    used 10094K, committed 10368K, reserved 1048576K
}
Event: 11.322 GC heap after
{Heap after GC invocations=19 (full 0):
 garbage-first heap   total 78848K, used 32394K [0x00000000a1c00000, 0x0000000100000000)
  region size 1024K, 3 young (3072K), 3 survivors (3072K)
 Metaspace       used 68747K, committed 69312K, reserved 1114112K
  class space    used 10094K, committed 10368K, reserved 1048576K
}

